2025-06-10 13:51:33,959 - INFO - ================================================================================
2025-06-10 13:51:33,959 - INFO - Starting new pipeline run
2025-06-10 13:51:33,959 - INFO - Log file: logs/pipeline_20250610_135133.log
2025-06-10 13:51:33,959 - INFO - Log level: INFO
2025-06-10 13:51:33,959 - INFO - ================================================================================
2025-06-10 13:51:33,959 - INFO - 
Step 1: Loading data...
2025-06-10 13:51:33,974 - INFO - Loading 15Second data...
2025-06-10 13:51:33,979 - INFO - Loaded 15Second data: 10000 rows, 6 columns
2025-06-10 13:51:33,984 - WARNING - 15Second has gaps in timestamp sequence
2025-06-10 13:51:33,984 - INFO - 
Step 2: Engineering features...
2025-06-10 13:51:33,984 - INFO - Starting feature engineering...
2025-06-10 13:51:33,985 - INFO - Adding rolling statistics...
2025-06-10 13:51:34,052 - INFO - Adding time-since-event counters...
2025-06-10 13:51:34,052 - INFO - Adding cross features...
2025-06-10 13:51:34,074 - INFO - Adding time features...
2025-06-10 13:51:34,109 - INFO - Feature engineering complete. Final shape: (10000, 213)
2025-06-10 13:51:34,109 - INFO - 
Step 3: Generating labels...
2025-06-10 13:51:34,109 - INFO - Generating labels...
2025-06-10 13:51:39,271 - INFO - 
Label Distribution:
2025-06-10 13:51:39,272 - INFO - LongSuccess (1): 4996
2025-06-10 13:51:39,272 - INFO - ShortSuccess (-1): 4944
2025-06-10 13:51:39,272 - INFO - No Signal (0): 60
2025-06-10 13:51:39,272 - INFO - 
Move Statistics:
2025-06-10 13:51:39,278 - INFO - Average move size: $-0.75
2025-06-10 13:51:39,281 - INFO - Average time to move: 0.00 minutes
2025-06-10 13:51:39,281 - INFO - 
Step 4: Training models...
2025-06-10 13:51:39,281 - INFO - Starting model training...
2025-06-10 13:51:39,281 - INFO - Training LightGBM model...
2025-06-10 13:51:39,292 - INFO - Using 214 numeric features for training
