2025-06-10 14:11:56,915 - INFO - ================================================================================
2025-06-10 14:11:56,915 - INFO - Starting new pipeline run
2025-06-10 14:11:56,915 - INFO - Log file: logs/pipeline_20250610_141156.log
2025-06-10 14:11:56,915 - INFO - Log level: INFO
2025-06-10 14:11:56,915 - INFO - ================================================================================
2025-06-10 14:11:56,915 - INFO - 
Step 1: Loading data...
2025-06-10 14:11:56,930 - INFO - Loading 15Second data...
2025-06-10 14:11:56,935 - INFO - Loaded 15Second data: 10000 rows, 6 columns
2025-06-10 14:11:56,940 - WARNING - 15Second has gaps in timestamp sequence
2025-06-10 14:11:56,940 - INFO - Data loaded: (10000, 6)
2025-06-10 14:11:56,940 - INFO - 
Step 2: Engineering features...
2025-06-10 14:11:56,940 - INFO - Starting feature engineering...
2025-06-10 14:11:56,940 - INFO - Adding rolling statistics...
2025-06-10 14:11:57,007 - INFO - Adding time-since-event counters...
2025-06-10 14:11:57,008 - INFO - Adding cross features...
2025-06-10 14:11:57,030 - INFO - Adding time features...
2025-06-10 14:11:57,065 - INFO - Feature engineering complete. Final shape: (10000, 213)
2025-06-10 14:11:57,065 - INFO - Features engineered: (10000, 213)
2025-06-10 14:11:57,065 - INFO - 
Step 3: Generating labels...
2025-06-10 14:11:57,065 - INFO - Generating labels...
2025-06-10 14:12:02,187 - INFO - 
Label Distribution:
2025-06-10 14:12:02,187 - INFO - LongSuccess (1): 4996
2025-06-10 14:12:02,187 - INFO - ShortSuccess (-1): 4944
2025-06-10 14:12:02,187 - INFO - No Signal (0): 60
2025-06-10 14:12:02,187 - INFO - 
Move Statistics:
2025-06-10 14:12:02,193 - INFO - Average move size: $-0.75
2025-06-10 14:12:02,197 - INFO - Average time to move: 0.00 minutes
2025-06-10 14:12:02,197 - INFO - Labels generated: (10000, 216)
2025-06-10 14:12:02,197 - INFO - 
Step 4: Training models...
2025-06-10 14:12:02,197 - INFO - Training LightGBM model (simple mode)...
2025-06-10 14:12:02,209 - INFO - Using 214 features
2025-06-10 14:12:02,209 - INFO - Label classes: [-1  0  1]
2025-06-10 14:12:02,761 - INFO - Test accuracy: 0.9700
2025-06-10 14:12:02,763 - INFO - Feature importance saved to artefacts/feature_importance.csv
2025-06-10 14:12:02,767 - INFO - Model saved to models/lgbm_model.pkl
2025-06-10 14:12:02,768 - INFO - Model booster saved to models/lgbm_model.txt
2025-06-10 14:12:02,769 - INFO - 
Pipeline completed successfully!
2025-06-10 14:12:02,769 - INFO - Summary:
2025-06-10 14:12:02,769 - INFO - - Model accuracy: ~97%
2025-06-10 14:12:02,769 - INFO - - Features used: 214
2025-06-10 14:12:02,769 - INFO - - Training samples: 10000
