2025-06-10 13:39:44,967 - INFO - ================================================================================
2025-06-10 13:39:44,967 - INFO - Starting new pipeline run
2025-06-10 13:39:44,967 - INFO - Log file: logs/pipeline_20250610_133944.log
2025-06-10 13:39:44,967 - INFO - Log level: INFO
2025-06-10 13:39:44,967 - INFO - ================================================================================
2025-06-10 13:39:44,968 - INFO - 
Step 1: Loading data...
2025-06-10 13:39:44,983 - INFO - Loading 15Second data...
2025-06-10 13:39:44,988 - INFO - Loaded 15Second data: 10000 rows, 6 columns
2025-06-10 13:39:44,993 - WARNING - 15Second has gaps in timestamp sequence
2025-06-10 13:39:44,994 - INFO - 
Step 2: Engineering features...
2025-06-10 13:39:44,994 - INFO - Starting feature engineering...
2025-06-10 13:39:44,994 - INFO - Adding rolling statistics...
2025-06-10 13:39:45,061 - INFO - Adding time-since-event counters...
2025-06-10 13:39:45,062 - INFO - Adding cross features...
2025-06-10 13:39:45,084 - INFO - Adding time features...
2025-06-10 13:39:45,122 - INFO - Feature engineering complete. Final shape: (10000, 213)
2025-06-10 13:39:45,122 - INFO - 
Step 3: Generating labels...
2025-06-10 13:39:45,122 - INFO - Generating labels...
2025-06-10 13:39:50,161 - INFO - 
Label Distribution:
2025-06-10 13:39:50,161 - INFO - LongSuccess (1): 4996
2025-06-10 13:39:50,161 - INFO - ShortSuccess (-1): 4944
2025-06-10 13:39:50,161 - INFO - No Signal (0): 60
2025-06-10 13:39:50,161 - INFO - 
Move Statistics:
2025-06-10 13:39:50,167 - INFO - Average move size: $-0.75
2025-06-10 13:39:50,171 - INFO - Average time to move: 0.00 minutes
2025-06-10 13:39:50,171 - INFO - 
Step 4: Training models...
2025-06-10 13:39:50,171 - INFO - Starting model training...
2025-06-10 13:39:50,171 - INFO - Training LightGBM model...
2025-06-10 13:39:50,182 - INFO - Using 214 numeric features for training
