2025-06-10 13:23:48,908 - INFO - ================================================================================
2025-06-10 13:23:48,909 - INFO - Starting new pipeline run
2025-06-10 13:23:48,909 - INFO - Log file: logs/pipeline_20250610_132348.log
2025-06-10 13:23:48,909 - INFO - Log level: INFO
2025-06-10 13:23:48,909 - INFO - ================================================================================
2025-06-10 13:23:48,909 - INFO - 
Step 1: Loading data...
2025-06-10 13:23:48,924 - INFO - Loading 15Second data...
2025-06-10 13:23:48,929 - INFO - Loaded 15Second data: 10000 rows, 6 columns
2025-06-10 13:23:48,934 - WARNING - 15Second has gaps in timestamp sequence
2025-06-10 13:23:48,935 - INFO - 
Step 2: Engineering features...
2025-06-10 13:23:48,935 - INFO - Starting feature engineering...
2025-06-10 13:23:48,935 - INFO - Adding rolling statistics...
2025-06-10 13:23:49,002 - INFO - Adding time-since-event counters...
2025-06-10 13:23:49,002 - INFO - Adding cross features...
2025-06-10 13:23:49,024 - INFO - Adding time features...
2025-06-10 13:23:49,058 - INFO - Feature engineering complete. Final shape: (10000, 213)
2025-06-10 13:23:49,058 - INFO - 
Step 3: Generating labels...
2025-06-10 13:23:49,058 - INFO - Generating labels...
2025-06-10 13:23:54,159 - INFO - 
Label Distribution:
2025-06-10 13:23:54,160 - INFO - LongSuccess (1): 4996
2025-06-10 13:23:54,160 - INFO - ShortSuccess (-1): 4944
2025-06-10 13:23:54,160 - INFO - No Signal (0): 60
2025-06-10 13:23:54,160 - INFO - 
Move Statistics:
2025-06-10 13:23:54,166 - INFO - Average move size: $-0.75
2025-06-10 13:23:54,169 - INFO - Average time to move: 0.00 minutes
2025-06-10 13:23:54,169 - INFO - 
Step 4: Training models...
2025-06-10 13:23:54,169 - INFO - Starting model training...
2025-06-10 13:23:54,169 - INFO - Training LightGBM model...
2025-06-10 13:23:54,181 - INFO - Using 214 numeric features for training
