2025-06-10 13:45:58,460 - INFO - ================================================================================
2025-06-10 13:45:58,460 - INFO - Starting new pipeline run
2025-06-10 13:45:58,460 - INFO - Log file: logs/pipeline_20250610_134558.log
2025-06-10 13:45:58,460 - INFO - Log level: INFO
2025-06-10 13:45:58,460 - INFO - ================================================================================
2025-06-10 13:45:58,460 - INFO - 
Step 1: Loading data...
2025-06-10 13:45:58,475 - INFO - Loading 15Second data...
2025-06-10 13:45:58,480 - INFO - Loaded 15Second data: 10000 rows, 6 columns
2025-06-10 13:45:58,486 - WARNING - 15Second has gaps in timestamp sequence
2025-06-10 13:45:58,486 - INFO - 
Step 2: Engineering features...
2025-06-10 13:45:58,486 - INFO - Starting feature engineering...
2025-06-10 13:45:58,486 - INFO - Adding rolling statistics...
2025-06-10 13:45:58,552 - INFO - Adding time-since-event counters...
2025-06-10 13:45:58,553 - INFO - Adding cross features...
2025-06-10 13:45:58,574 - INFO - Adding time features...
2025-06-10 13:45:58,608 - INFO - Feature engineering complete. Final shape: (10000, 213)
2025-06-10 13:45:58,608 - INFO - 
Step 3: Generating labels...
2025-06-10 13:45:58,608 - INFO - Generating labels...
2025-06-10 13:46:03,726 - INFO - 
Label Distribution:
2025-06-10 13:46:03,726 - INFO - LongSuccess (1): 4996
2025-06-10 13:46:03,726 - INFO - ShortSuccess (-1): 4944
2025-06-10 13:46:03,726 - INFO - No Signal (0): 60
2025-06-10 13:46:03,726 - INFO - 
Move Statistics:
2025-06-10 13:46:03,732 - INFO - Average move size: $-0.75
2025-06-10 13:46:03,736 - INFO - Average time to move: 0.00 minutes
2025-06-10 13:46:03,736 - INFO - 
Step 4: Training models...
2025-06-10 13:46:03,736 - INFO - Starting model training...
2025-06-10 13:46:03,736 - INFO - Training LightGBM model...
2025-06-10 13:46:03,748 - INFO - Using 214 numeric features for training
