2025-06-10 13:57:15,854 - INFO - ================================================================================
2025-06-10 13:57:15,855 - INFO - Starting new pipeline run
2025-06-10 13:57:15,855 - INFO - Log file: logs/pipeline_20250610_135715.log
2025-06-10 13:57:15,855 - INFO - Log level: INFO
2025-06-10 13:57:15,855 - INFO - ================================================================================
2025-06-10 13:57:15,855 - INFO - 
Step 1: Loading data...
2025-06-10 13:57:15,871 - INFO - Loading 15Second data...
2025-06-10 13:57:15,876 - INFO - Loaded 15Second data: 10000 rows, 6 columns
2025-06-10 13:57:15,881 - WARNING - 15Second has gaps in timestamp sequence
2025-06-10 13:57:15,881 - INFO - 
Step 2: Engineering features...
2025-06-10 13:57:15,881 - INFO - Starting feature engineering...
2025-06-10 13:57:15,881 - INFO - Adding rolling statistics...
2025-06-10 13:57:15,949 - INFO - Adding time-since-event counters...
2025-06-10 13:57:15,949 - INFO - Adding cross features...
2025-06-10 13:57:15,972 - INFO - Adding time features...
2025-06-10 13:57:16,006 - INFO - Feature engineering complete. Final shape: (10000, 213)
2025-06-10 13:57:16,006 - INFO - 
Step 3: Generating labels...
2025-06-10 13:57:16,006 - INFO - Generating labels...
2025-06-10 13:57:21,139 - INFO - 
Label Distribution:
2025-06-10 13:57:21,139 - INFO - LongSuccess (1): 4996
2025-06-10 13:57:21,139 - INFO - ShortSuccess (-1): 4944
2025-06-10 13:57:21,139 - INFO - No Signal (0): 60
2025-06-10 13:57:21,139 - INFO - 
Move Statistics:
2025-06-10 13:57:21,145 - INFO - Average move size: $-0.75
2025-06-10 13:57:21,148 - INFO - Average time to move: 0.00 minutes
2025-06-10 13:57:21,149 - INFO - 
Step 4: Training models...
2025-06-10 13:57:21,149 - INFO - Starting model training...
2025-06-10 13:57:21,149 - INFO - Training LightGBM model...
2025-06-10 13:57:21,160 - INFO - Using 214 numeric features for training
