2025-06-10 14:04:19,693 - INFO - Starting simplified pipeline run
2025-06-10 14:04:19,708 - INFO - Loading 15Second data...
2025-06-10 14:04:19,713 - INFO - Loaded 15Second data: 10000 rows, 6 columns
2025-06-10 14:04:19,718 - WARNING - 15Second has gaps in timestamp sequence
2025-06-10 14:04:19,719 - INFO - Starting feature engineering...
2025-06-10 14:04:19,719 - INFO - Adding rolling statistics...
2025-06-10 14:04:19,785 - INFO - Adding time-since-event counters...
2025-06-10 14:04:19,785 - INFO - Adding cross features...
2025-06-10 14:04:19,807 - INFO - Adding time features...
2025-06-10 14:04:19,842 - INFO - Feature engineering complete. Final shape: (10000, 213)
2025-06-10 14:04:19,842 - INFO - Generating labels...
2025-06-10 14:04:24,964 - INFO - 
Label Distribution:
2025-06-10 14:04:24,964 - INFO - LongSuccess (1): 4996
2025-06-10 14:04:24,964 - INFO - ShortSuccess (-1): 4944
2025-06-10 14:04:24,964 - INFO - No Signal (0): 60
2025-06-10 14:04:24,964 - INFO - 
Move Statistics:
2025-06-10 14:04:24,970 - INFO - Average move size: $-0.75
2025-06-10 14:04:24,974 - INFO - Average time to move: 0.00 minutes
