2025-06-10 14:05:03,884 - INFO - ================================================================================
2025-06-10 14:05:03,884 - INFO - Starting new pipeline run
2025-06-10 14:05:03,884 - INFO - Log file: logs/pipeline_20250610_140503.log
2025-06-10 14:05:03,884 - INFO - Log level: INFO
2025-06-10 14:05:03,884 - INFO - ================================================================================
2025-06-10 14:05:03,884 - INFO - 
Step 1: Loading data...
2025-06-10 14:05:03,900 - INFO - Loading 15Second data...
2025-06-10 14:05:03,905 - INFO - Loaded 15Second data: 10000 rows, 6 columns
2025-06-10 14:05:03,911 - WARNING - 15Second has gaps in timestamp sequence
2025-06-10 14:05:03,911 - INFO - 
Step 2: Engineering features...
2025-06-10 14:05:03,911 - INFO - Starting feature engineering...
2025-06-10 14:05:03,911 - INFO - Adding rolling statistics...
2025-06-10 14:05:03,978 - INFO - Adding time-since-event counters...
2025-06-10 14:05:03,978 - INFO - Adding cross features...
2025-06-10 14:05:04,000 - INFO - Adding time features...
2025-06-10 14:05:04,036 - INFO - Feature engineering complete. Final shape: (10000, 213)
2025-06-10 14:05:04,036 - INFO - 
Step 3: Generating labels...
2025-06-10 14:05:04,036 - INFO - Generating labels...
2025-06-10 14:05:09,200 - INFO - 
Label Distribution:
2025-06-10 14:05:09,200 - INFO - LongSuccess (1): 4996
2025-06-10 14:05:09,200 - INFO - ShortSuccess (-1): 4944
2025-06-10 14:05:09,200 - INFO - No Signal (0): 60
2025-06-10 14:05:09,200 - INFO - 
Move Statistics:
2025-06-10 14:05:09,206 - INFO - Average move size: $-0.75
2025-06-10 14:05:09,210 - INFO - Average time to move: 0.00 minutes
2025-06-10 14:05:09,210 - INFO - 
Step 4: Training models...
2025-06-10 14:05:09,210 - INFO - Starting model training...
2025-06-10 14:05:09,210 - INFO - Training LightGBM model...
2025-06-10 14:05:09,222 - INFO - Using 214 numeric features for training
