2025-06-10 13:28:59,965 - INFO - ================================================================================
2025-06-10 13:28:59,965 - INFO - Starting new pipeline run
2025-06-10 13:28:59,965 - INFO - Log file: logs/pipeline_20250610_132859.log
2025-06-10 13:28:59,965 - INFO - Log level: INFO
2025-06-10 13:28:59,965 - INFO - ================================================================================
2025-06-10 13:28:59,965 - INFO - 
Step 1: Loading data...
2025-06-10 13:28:59,980 - INFO - Loading 15Second data...
2025-06-10 13:28:59,985 - INFO - Loaded 15Second data: 10000 rows, 6 columns
2025-06-10 13:28:59,990 - WARNING - 15Second has gaps in timestamp sequence
2025-06-10 13:28:59,991 - INFO - 
Step 2: Engineering features...
2025-06-10 13:28:59,991 - INFO - Starting feature engineering...
2025-06-10 13:28:59,991 - INFO - Adding rolling statistics...
2025-06-10 13:29:00,057 - INFO - Adding time-since-event counters...
2025-06-10 13:29:00,057 - INFO - Adding cross features...
2025-06-10 13:29:00,079 - INFO - Adding time features...
2025-06-10 13:29:00,113 - INFO - Feature engineering complete. Final shape: (10000, 213)
2025-06-10 13:29:00,114 - INFO - 
Step 3: Generating labels...
2025-06-10 13:29:00,114 - INFO - Generating labels...
2025-06-10 13:29:05,243 - INFO - 
Label Distribution:
2025-06-10 13:29:05,244 - INFO - LongSuccess (1): 4996
2025-06-10 13:29:05,244 - INFO - ShortSuccess (-1): 4944
2025-06-10 13:29:05,244 - INFO - No Signal (0): 60
2025-06-10 13:29:05,244 - INFO - 
Move Statistics:
2025-06-10 13:29:05,250 - INFO - Average move size: $-0.75
2025-06-10 13:29:05,253 - INFO - Average time to move: 0.00 minutes
2025-06-10 13:29:05,253 - INFO - 
Step 4: Training models...
2025-06-10 13:29:05,253 - INFO - Starting model training...
2025-06-10 13:29:05,253 - INFO - Training LightGBM model...
2025-06-10 13:29:05,265 - INFO - Using 214 numeric features for training
