2025-06-10 13:34:38,075 - INFO - ================================================================================
2025-06-10 13:34:38,076 - INFO - Starting new pipeline run
2025-06-10 13:34:38,076 - INFO - Log file: logs/pipeline_20250610_133438.log
2025-06-10 13:34:38,076 - INFO - Log level: INFO
2025-06-10 13:34:38,076 - INFO - ================================================================================
2025-06-10 13:34:38,076 - INFO - 
Step 1: Loading data...
2025-06-10 13:34:38,091 - INFO - Loading 15Second data...
2025-06-10 13:34:38,096 - INFO - Loaded 15Second data: 10000 rows, 6 columns
2025-06-10 13:34:38,101 - WARNING - 15Second has gaps in timestamp sequence
2025-06-10 13:34:38,102 - INFO - 
Step 2: Engineering features...
2025-06-10 13:34:38,102 - INFO - Starting feature engineering...
2025-06-10 13:34:38,102 - INFO - Adding rolling statistics...
2025-06-10 13:34:38,169 - INFO - Adding time-since-event counters...
2025-06-10 13:34:38,169 - INFO - Adding cross features...
2025-06-10 13:34:38,191 - INFO - Adding time features...
2025-06-10 13:34:38,224 - INFO - Feature engineering complete. Final shape: (10000, 213)
2025-06-10 13:34:38,224 - INFO - 
Step 3: Generating labels...
2025-06-10 13:34:38,224 - INFO - Generating labels...
2025-06-10 13:34:43,268 - INFO - 
Label Distribution:
2025-06-10 13:34:43,268 - INFO - LongSuccess (1): 4996
2025-06-10 13:34:43,268 - INFO - ShortSuccess (-1): 4944
2025-06-10 13:34:43,268 - INFO - No Signal (0): 60
2025-06-10 13:34:43,268 - INFO - 
Move Statistics:
2025-06-10 13:34:43,274 - INFO - Average move size: $-0.75
2025-06-10 13:34:43,277 - INFO - Average time to move: 0.00 minutes
2025-06-10 13:34:43,277 - INFO - 
Step 4: Training models...
2025-06-10 13:34:43,277 - INFO - Starting model training...
2025-06-10 13:34:43,277 - INFO - Training LightGBM model...
2025-06-10 13:34:43,289 - INFO - Using 214 numeric features for training
