2025-06-10 14:03:15,535 - INFO - Starting simplified pipeline run
2025-06-10 14:03:15,550 - INFO - Loading 15Second data...
2025-06-10 14:03:15,555 - INFO - Loaded 15Second data: 10000 rows, 6 columns
2025-06-10 14:03:15,560 - WARNING - 15Second has gaps in timestamp sequence
2025-06-10 14:03:15,560 - INFO - Starting feature engineering...
2025-06-10 14:03:15,560 - INFO - Adding rolling statistics...
2025-06-10 14:03:15,627 - INFO - Adding time-since-event counters...
2025-06-10 14:03:15,627 - INFO - Adding cross features...
2025-06-10 14:03:15,649 - INFO - Adding time features...
2025-06-10 14:03:15,685 - INFO - Feature engineering complete. Final shape: (10000, 213)
2025-06-10 14:03:15,685 - INFO - Generating labels...
2025-06-10 14:03:20,763 - INFO - 
Label Distribution:
2025-06-10 14:03:20,763 - INFO - LongSuccess (1): 4996
2025-06-10 14:03:20,763 - INFO - ShortSuccess (-1): 4944
2025-06-10 14:03:20,763 - INFO - No Signal (0): 60
2025-06-10 14:03:20,763 - INFO - 
Move Statistics:
2025-06-10 14:03:20,769 - INFO - Average move size: $-0.75
2025-06-10 14:03:20,773 - INFO - Average time to move: 0.00 minutes
2025-06-10 14:03:21,375 - ERROR - Error in main pipeline: 'LGBMClassifier' object has no attribute 'save_model'
